This is pdfTeX, Version 3.141592653-2.6-1.40.22 (TeX Live 2021) (preloaded format=pdflatex 2021.8.18)  13 OCT 2021 21:38
entering extended mode
 restricted \write18 enabled.
 file:line:error style messages enabled.
 %&-line parsing enabled.
**/home/p/hexapod_ws/tex/report.tex
(/home/p/hexapod_ws/tex/report.tex
LaTeX2e <2020-10-01> patch level 4
L3 programming layer <2021-02-18> (/home/p/hexapod_ws/tex/IEEEtran.cls
Document Class: IEEEtran 2015/08/26 V1.8b by Michael Shell
-- See the "IEEEtran_HOWTO" manual for usage information.
-- http://www.michaelshell.org/tex/ieeetran/
\@IEEEtrantmpdimenA=\dimen138
\@IEEEtrantmpdimenB=\dimen139
\@IEEEtrantmpdimenC=\dimen140
\@IEEEtrantmpcountA=\count179
\@IEEEtrantmpcountB=\count180
\@IEEEtrantmpcountC=\count181
\@IEEEtrantmptoksA=\toks15
LaTeX Font Info:    Trying to load font information for OT1+ptm on input line 503.
(/usr/local/texlive/2021/texmf-dist/tex/latex/psnfss/ot1ptm.fd
File: ot1ptm.fd 2001/06/04 font definitions for OT1/ptm.
)
-- Using 8.5in x 11in (letter) paper.
-- Using PDF output.
\@IEEEnormalsizeunitybaselineskip=\dimen141
-- This is a 10 point document.
\CLASSINFOnormalsizebaselineskip=\dimen142
\CLASSINFOnormalsizeunitybaselineskip=\dimen143
\IEEEnormaljot=\dimen144
LaTeX Font Info:    Font shape `OT1/ptm/bx/n' in size <5> not available
(Font)              Font shape `OT1/ptm/b/n' tried instead on input line 1090.
LaTeX Font Info:    Font shape `OT1/ptm/bx/it' in size <5> not available
(Font)              Font shape `OT1/ptm/b/it' tried instead on input line 1090.
LaTeX Font Info:    Font shape `OT1/ptm/bx/n' in size <7> not available
(Font)              Font shape `OT1/ptm/b/n' tried instead on input line 1090.
LaTeX Font Info:    Font shape `OT1/ptm/bx/it' in size <7> not available
(Font)              Font shape `OT1/ptm/b/it' tried instead on input line 1090.
LaTeX Font Info:    Font shape `OT1/ptm/bx/n' in size <8> not available
(Font)              Font shape `OT1/ptm/b/n' tried instead on input line 1090.
LaTeX Font Info:    Font shape `OT1/ptm/bx/it' in size <8> not available
(Font)              Font shape `OT1/ptm/b/it' tried instead on input line 1090.
LaTeX Font Info:    Font shape `OT1/ptm/bx/n' in size <9> not available
(Font)              Font shape `OT1/ptm/b/n' tried instead on input line 1090.
LaTeX Font Info:    Font shape `OT1/ptm/bx/it' in size <9> not available
(Font)              Font shape `OT1/ptm/b/it' tried instead on input line 1090.
LaTeX Font Info:    Font shape `OT1/ptm/bx/n' in size <10> not available
(Font)              Font shape `OT1/ptm/b/n' tried instead on input line 1090.
LaTeX Font Info:    Font shape `OT1/ptm/bx/it' in size <10> not available
(Font)              Font shape `OT1/ptm/b/it' tried instead on input line 1090.
LaTeX Font Info:    Font shape `OT1/ptm/bx/n' in size <11> not available
(Font)              Font shape `OT1/ptm/b/n' tried instead on input line 1090.
LaTeX Font Info:    Font shape `OT1/ptm/bx/it' in size <11> not available
(Font)              Font shape `OT1/ptm/b/it' tried instead on input line 1090.
LaTeX Font Info:    Font shape `OT1/ptm/bx/n' in size <12> not available
(Font)              Font shape `OT1/ptm/b/n' tried instead on input line 1090.
LaTeX Font Info:    Font shape `OT1/ptm/bx/it' in size <12> not available
(Font)              Font shape `OT1/ptm/b/it' tried instead on input line 1090.
LaTeX Font Info:    Font shape `OT1/ptm/bx/n' in size <17> not available
(Font)              Font shape `OT1/ptm/b/n' tried instead on input line 1090.
LaTeX Font Info:    Font shape `OT1/ptm/bx/it' in size <17> not available
(Font)              Font shape `OT1/ptm/b/it' tried instead on input line 1090.
LaTeX Font Info:    Font shape `OT1/ptm/bx/n' in size <20> not available
(Font)              Font shape `OT1/ptm/b/n' tried instead on input line 1090.
LaTeX Font Info:    Font shape `OT1/ptm/bx/it' in size <20> not available
(Font)              Font shape `OT1/ptm/b/it' tried instead on input line 1090.
LaTeX Font Info:    Font shape `OT1/ptm/bx/n' in size <24> not available
(Font)              Font shape `OT1/ptm/b/n' tried instead on input line 1090.
LaTeX Font Info:    Font shape `OT1/ptm/bx/it' in size <24> not available
(Font)              Font shape `OT1/ptm/b/it' tried instead on input line 1090.
\IEEEquantizedlength=\dimen145
\IEEEquantizedlengthdiff=\dimen146
\IEEEquantizedtextheightdiff=\dimen147
\IEEEilabelindentA=\dimen148
\IEEEilabelindentB=\dimen149
\IEEEilabelindent=\dimen150
\IEEEelabelindent=\dimen151
\IEEEdlabelindent=\dimen152
\IEEElabelindent=\dimen153
\IEEEiednormlabelsep=\dimen154
\IEEEiedmathlabelsep=\dimen155
\IEEEiedtopsep=\skip47
\c@section=\count182
\c@subsection=\count183
\c@subsubsection=\count184
\c@paragraph=\count185
\c@IEEEsubequation=\count186
\abovecaptionskip=\skip48
\belowcaptionskip=\skip49
\c@figure=\count187
\c@table=\count188
\@IEEEeqnnumcols=\count189
\@IEEEeqncolcnt=\count190
\@IEEEsubeqnnumrollback=\count191
\@IEEEquantizeheightA=\dimen156
\@IEEEquantizeheightB=\dimen157
\@IEEEquantizeheightC=\dimen158
\@IEEEquantizeprevdepth=\dimen159
\@IEEEquantizemultiple=\count192
\@IEEEquantizeboxA=\box47
\@IEEEtmpitemindent=\dimen160
\IEEEPARstartletwidth=\dimen161
\c@IEEEbiography=\count193
\@IEEEtranrubishbin=\box48
)
** ATTENTION: Overriding command lockouts (line 2).
(/usr/local/texlive/2021/texmf-dist/tex/latex/cite/cite.sty
LaTeX Info: Redefining \cite on input line 302.
LaTeX Info: Redefining \nocite on input line 332.
Package: cite 2015/02/27  v 5.5
) (/usr/local/texlive/2021/texmf-dist/tex/latex/amsmath/amsmath.sty
Package: amsmath 2020/09/23 v2.17i AMS math features
\@mathmargin=\skip50

For additional information on amsmath, use the `?' option.
(/usr/local/texlive/2021/texmf-dist/tex/latex/amsmath/amstext.sty
Package: amstext 2000/06/29 v2.01 AMS text
 (/usr/local/texlive/2021/texmf-dist/tex/latex/amsmath/amsgen.sty
File: amsgen.sty 1999/11/30 v2.0 generic functions
\@emptytoks=\toks16
\ex@=\dimen162
)) (/usr/local/texlive/2021/texmf-dist/tex/latex/amsmath/amsbsy.sty
Package: amsbsy 1999/11/29 v1.2d Bold Symbols
\pmbraise@=\dimen163
) (/usr/local/texlive/2021/texmf-dist/tex/latex/amsmath/amsopn.sty
Package: amsopn 2016/03/08 v2.02 operator names
)
\inf@bad=\count194
LaTeX Info: Redefining \frac on input line 234.
\uproot@=\count195
\leftroot@=\count196
LaTeX Info: Redefining \overline on input line 399.
\classnum@=\count197
\DOTSCASE@=\count198
LaTeX Info: Redefining \ldots on input line 496.
LaTeX Info: Redefining \dots on input line 499.
LaTeX Info: Redefining \cdots on input line 620.
\Mathstrutbox@=\box49
\strutbox@=\box50
\big@size=\dimen164
LaTeX Font Info:    Redeclaring font encoding OML on input line 743.
LaTeX Font Info:    Redeclaring font encoding OMS on input line 744.
\macc@depth=\count199
\c@MaxMatrixCols=\count266
\dotsspace@=\muskip16
\c@parentequation=\count267
\dspbrk@lvl=\count268
\tag@help=\toks17
\row@=\count269
\column@=\count270
\maxfields@=\count271
\andhelp@=\toks18
\eqnshift@=\dimen165
\alignsep@=\dimen166
\tagshift@=\dimen167
\tagwidth@=\dimen168
\totwidth@=\dimen169
\lineht@=\dimen170
\@envbody=\toks19
\multlinegap=\skip51
\multlinetaggap=\skip52
\mathdisplay@stack=\toks20
LaTeX Info: Redefining \[ on input line 2923.
LaTeX Info: Redefining \] on input line 2924.
) (/usr/local/texlive/2021/texmf-dist/tex/latex/amsfonts/amssymb.sty
Package: amssymb 2013/01/14 v3.01 AMS font symbols
 (/usr/local/texlive/2021/texmf-dist/tex/latex/amsfonts/amsfonts.sty
Package: amsfonts 2013/01/14 v3.01 Basic AMSFonts support
\symAMSa=\mathgroup4
\symAMSb=\mathgroup5
LaTeX Font Info:    Redeclaring math symbol \hbar on input line 98.
LaTeX Font Info:    Overwriting math alphabet `\mathfrak' in version `bold'
(Font)                  U/euf/m/n --> U/euf/b/n on input line 106.
)) (/usr/local/texlive/2021/texmf-dist/tex/latex/ntheorem/ntheorem.sty
Style `ntheorem', Version 1.33 <2011/08/15>
Package: ntheorem 2011/08/15 1.33
(/usr/local/texlive/2021/texmf-dist/tex/latex/base/ifthen.sty
Package: ifthen 2014/09/29 v1.1c Standard LaTeX ifthen package (DPC)
)
\theorem@style=\toks21
\theorem@@style=\toks22
\theorembodyfont=\toks23
\theoremnumbering=\toks24
\theorempreskipamount=\skip53
\theorempostskipamount=\skip54
\theoremframepreskipamount=\skip55
\theoremframepostskipamount=\skip56
\theoreminframepreskipamount=\skip57
\theoreminframepostskipamount=\skip58
\theorem@preskip=\toks25
\theorem@postskip=\toks26
\theorem@framepreskip=\toks27
\theorem@framepostskip=\toks28
\theorem@inframepreskip=\toks29
\theorem@inframepostskip=\toks30
\theoremindent=\dimen171
\theorem@indent=\dimen172
\theoremrightindent=\dimen173
\theorem@rightindent=\dimen174
\theoremheaderfont=\toks31
\theoremseparator=\toks32
\theoremprework=\toks33
\theorempostwork=\toks34
\theoremsymbol=\toks35
\qedsymbol=\toks36
\theoremkeyword=\toks37
\qedsymbol=\toks38
\thm@topsep=\skip59
\thm@topsepadd=\skip60
) (/usr/local/texlive/2021/texmf-dist/tex/latex/algorithms/algorithmic.sty
Package: algorithmic 2009/08/24 v0.1 Document Style `algorithmic'
 (/usr/local/texlive/2021/texmf-dist/tex/latex/graphics/keyval.sty
Package: keyval 2014/10/28 v1.15 key=value parser (DPC)
\KV@toks@=\toks39
)
\c@ALC@unique=\count272
\c@ALC@line=\count273
\c@ALC@rem=\count274
\c@ALC@depth=\count275
\ALC@tlm=\skip61
\algorithmicindent=\skip62
) (/usr/local/texlive/2021/texmf-dist/tex/latex/graphics/graphicx.sty
Package: graphicx 2020/09/09 v1.2b Enhanced LaTeX Graphics (DPC,SPQR)
 (/usr/local/texlive/2021/texmf-dist/tex/latex/graphics/graphics.sty
Package: graphics 2020/08/30 v1.4c Standard LaTeX Graphics (DPC,SPQR)
 (/usr/local/texlive/2021/texmf-dist/tex/latex/graphics/trig.sty
Package: trig 2016/01/03 v1.10 sin cos tan (DPC)
) (/usr/local/texlive/2021/texmf-dist/tex/latex/graphics-cfg/graphics.cfg
File: graphics.cfg 2016/06/04 v1.11 sample graphics configuration
)
Package graphics Info: Driver file: pdftex.def on input line 105.
 (/usr/local/texlive/2021/texmf-dist/tex/latex/graphics-def/pdftex.def
File: pdftex.def 2020/10/05 v1.2a Graphics/color driver for pdftex
))
\Gin@req@height=\dimen175
\Gin@req@width=\dimen176
) (/usr/local/texlive/2021/texmf-dist/tex/latex/graphbox/graphbox.sty
Package: graphbox 2018/01/17 v1.1 extension for graphicx to adjust containing box
\Gin@box@box=\box51
\Gin@box@width=\skip63
\Gin@box@height=\skip64
\Gin@box@raise=\skip65
\Gin@box@hspace=\skip66
\Gin@box@bwidth=\skip67
\Gin@box@bheight=\skip68
) (/usr/local/texlive/2021/texmf-dist/tex/latex/base/textcomp.sty
Package: textcomp 2020/02/02 v2.0n Standard LaTeX package
) (/usr/local/texlive/2021/texmf-dist/tex/latex/xcolor/xcolor.sty
Package: xcolor 2016/05/11 v2.12 LaTeX color extensions (UK)
 (/usr/local/texlive/2021/texmf-dist/tex/latex/graphics-cfg/color.cfg
File: color.cfg 2016/01/02 v1.6 sample color configuration
)
Package xcolor Info: Driver file: pdftex.def on input line 225.
Package xcolor Info: Model `cmy' substituted by `cmy0' on input line 1348.
Package xcolor Info: Model `hsb' substituted by `rgb' on input line 1352.
Package xcolor Info: Model `RGB' extended on input line 1364.
Package xcolor Info: Model `HTML' substituted by `rgb' on input line 1366.
Package xcolor Info: Model `Hsb' substituted by `hsb' on input line 1367.
Package xcolor Info: Model `tHsb' substituted by `hsb' on input line 1368.
Package xcolor Info: Model `HSB' substituted by `hsb' on input line 1369.
Package xcolor Info: Model `Gray' substituted by `gray' on input line 1370.
Package xcolor Info: Model `wave' substituted by `hsb' on input line 1371.
) (/usr/local/texlive/2021/texmf-dist/tex/latex/subfigure/subfigure.sty
Package: subfigure 2002/03/15 v2.1.5 subfigure package
\subfigtopskip=\skip69
\subfigcapskip=\skip70
\subfigcaptopadj=\dimen177
\subfigbottomskip=\skip71
\subfigcapmargin=\dimen178
\subfiglabelskip=\skip72
\c@subfigure=\count276
\c@lofdepth=\count277
\c@subtable=\count278
\c@lotdepth=\count279

****************************************
* Local config file subfigure.cfg used *
****************************************
(/usr/local/texlive/2021/texmf-dist/tex/latex/subfigure/subfigure.cfg)
\subfig@top=\skip73
\subfig@bottom=\skip74
) (/usr/local/texlive/2021/texmf-dist/tex/latex/l3backend/l3backend-pdftex.def
File: l3backend-pdftex.def 2021-03-18 L3 backend support: PDF output (pdfTeX)
\l__color_backend_stack_int=\count280
\l__pdf_internal_box=\box52
) (/home/p/hexapod_ws/tex/report.aux)
\openout1 = `report.aux'.

LaTeX Font Info:    Checking defaults for OML/cmm/m/it on input line 13.
LaTeX Font Info:    ... okay on input line 13.
LaTeX Font Info:    Checking defaults for OMS/cmsy/m/n on input line 13.
LaTeX Font Info:    ... okay on input line 13.
LaTeX Font Info:    Checking defaults for OT1/cmr/m/n on input line 13.
LaTeX Font Info:    ... okay on input line 13.
LaTeX Font Info:    Checking defaults for T1/cmr/m/n on input line 13.
LaTeX Font Info:    ... okay on input line 13.
LaTeX Font Info:    Checking defaults for TS1/cmr/m/n on input line 13.
LaTeX Font Info:    ... okay on input line 13.
LaTeX Font Info:    Checking defaults for OMX/cmex/m/n on input line 13.
LaTeX Font Info:    ... okay on input line 13.
LaTeX Font Info:    Checking defaults for U/cmr/m/n on input line 13.
LaTeX Font Info:    ... okay on input line 13.

-- Lines per column: 56 (exact).
(/usr/local/texlive/2021/texmf-dist/tex/context/base/mkii/supp-pdf.mkii
[Loading MPS to PDF converter (version 2006.09.02).]
\scratchcounter=\count281
\scratchdimen=\dimen179
\scratchbox=\box53
\nofMPsegments=\count282
\nofMParguments=\count283
\everyMPshowfont=\toks40
\MPscratchCnt=\count284
\MPscratchDim=\dimen180
\MPnumerator=\count285
\makeMPintoPDFobject=\count286
\everyMPtoPDFconversion=\toks41
) (/usr/local/texlive/2021/texmf-dist/tex/latex/epstopdf-pkg/epstopdf-base.sty
Package: epstopdf-base 2020-01-24 v2.11 Base part for package epstopdf
Package epstopdf-base Info: Redefining graphics rule for `.eps' on input line 485.
 (/usr/local/texlive/2021/texmf-dist/tex/latex/latexconfig/epstopdf-sys.cfg
File: epstopdf-sys.cfg 2010/07/13 v1.3 Configuration of (r)epstopdf for TeX Live
))
<leg.png, id=1, 425.59pt x 440.64626pt>
File: leg.png Graphic file (type png)
<use leg.png>
Package pdftex.def Info: leg.png  used on input line 53.
(pdftex.def)             Requested size: 103.19843pt x 106.8465pt.
 [1{/usr/local/texlive/2021/texmf-var/fonts/map/pdftex/updmap/pdftex.map}


 </home/p/hexapod_ws/tex/leg.png>]
<leg1.png, id=13, 295.1025pt x 152.82094pt>
File: leg1.png Graphic file (type png)
<use leg1.png>
Package pdftex.def Info: leg1.png  used on input line 64.
(pdftex.def)             Requested size: 106.2368pt x 55.01549pt.
<leg2.jpg, id=14, 308.15125pt x 212.795pt>
File: leg2.jpg Graphic file (type jpg)
<use leg2.jpg>
Package pdftex.def Info: leg2.jpg  used on input line 65.
(pdftex.def)             Requested size: 107.85454pt x 74.47935pt.
<tri.png, id=15, 594.72188pt x 152.82094pt>
File: tri.png Graphic file (type png)
<use tri.png>
Package pdftex.def Info: tri.png  used on input line 77.
(pdftex.def)             Requested size: 206.39685pt x 53.03574pt.
<gait.png, id=16, 616.3025pt x 321.2pt>
File: gait.png Graphic file (type png)
<use gait.png>
Package pdftex.def Info: gait.png  used on input line 83.
(pdftex.def)             Requested size: 206.39685pt x 107.56468pt.
<single_leg.jpg, id=17, 742.775pt x 591.20876pt>
File: single_leg.jpg Graphic file (type jpg)
<use single_leg.jpg>
Package pdftex.def Info: single_leg.jpg  used on input line 95.
(pdftex.def)             Requested size: 180.60315pt x 143.75134pt.
LaTeX Font Info:    Trying to load font information for U+msa on input line 100.
 (/usr/local/texlive/2021/texmf-dist/tex/latex/amsfonts/umsa.fd
File: umsa.fd 2013/01/14 v3.01 AMS symbols A
)
LaTeX Font Info:    Trying to load font information for U+msb on input line 100.
 (/usr/local/texlive/2021/texmf-dist/tex/latex/amsfonts/umsb.fd
File: umsb.fd 2013/01/14 v3.01 AMS symbols B
)
<hexapod.png, id=18, 782.17218pt x 599.99156pt>
File: hexapod.png Graphic file (type png)
<use hexapod.png>
Package pdftex.def Info: hexapod.png  used on input line 105.
(pdftex.def)             Requested size: 206.39685pt x 158.31952pt.
<framework.png, id=19, 1003.75pt x 200.75pt>
File: framework.png Graphic file (type png)
<use framework.png>
Package pdftex.def Info: framework.png  used on input line 115.
(pdftex.def)             Requested size: 301.12732pt x 60.22545pt.
<body_IK.png, id=20, 127.48753pt x 121.80338pt>
File: body_IK.png Graphic file (type png)
<use body_IK.png>
Package pdftex.def Info: body_IK.png  used on input line 122.
(pdftex.def)             Requested size: 127.48721pt x 121.80307pt.
 [2 </home/p/hexapod_ws/tex/leg1.png> </home/p/hexapod_ws/tex/leg2.jpg> </home/p/hexapod_ws/tex/tri.png> </home/p/hexapod_ws/tex/gait.png> </home/p/hexapod_ws/tex/single_leg.jpg>]
<1-IK-top.jpg, id=29, 338.01282pt x 283.0575pt>
File: 1-IK-top.jpg Graphic file (type jpg)
<use 1-IK-top.jpg>
Package pdftex.def Info: 1-IK-top.jpg  used on input line 174.
(pdftex.def)             Requested size: 121.68451pt x 101.9006pt.
<2-IK-side1.jpg, id=30, 338.76563pt x 324.46219pt>
File: 2-IK-side1.jpg Graphic file (type jpg)
<use 2-IK-side1.jpg>
Package pdftex.def Info: 2-IK-side1.jpg  used on input line 175.
(pdftex.def)             Requested size: 118.56973pt x 113.56346pt.
 [3 </home/p/hexapod_ws/tex/hexapod.png> </home/p/hexapod_ws/tex/framework.png> </home/p/hexapod_ws/tex/body_IK.png> </home/p/hexapod_ws/tex/1-IK-top.jpg> </home/p/hexapod_ws/tex/2-IK-side1.jpg>]
<traj.png, id=41, 377.41pt x 226.8475pt>
File: traj.png Graphic file (type png)
<use traj.png>
Package pdftex.def Info: traj.png  used on input line 221.
(pdftex.def)             Requested size: 206.39685pt x 124.05692pt.
<rosgraph.png, id=42, 1793.19937pt x 1436.36626pt>
File: rosgraph.png Graphic file (type png)
<use rosgraph.png>
Package pdftex.def Info: rosgraph.png  used on input line 249.
(pdftex.def)             Requested size: 258.0pt x 206.65686pt.
<b1.png, id=43, 299.1175pt x 178.6675pt>
File: b1.png Graphic file (type png)
<use b1.png>
Package pdftex.def Info: b1.png  used on input line 268.
(pdftex.def)             Requested size: 119.64487pt x 71.46573pt.
<b11.png, id=44, 299.1175pt x 178.6675pt>
File: b11.png Graphic file (type png)
<use b11.png>
Package pdftex.def Info: b11.png  used on input line 269.
(pdftex.def)             Requested size: 119.64487pt x 71.46573pt.
<b2.png, id=45, 299.1175pt x 178.6675pt>
File: b2.png Graphic file (type png)
<use b2.png>
Package pdftex.def Info: b2.png  used on input line 270.
(pdftex.def)             Requested size: 119.64487pt x 71.46573pt.
<b3.png, id=46, 299.1175pt x 178.6675pt>
File: b3.png Graphic file (type png)
<use b3.png>
Package pdftex.def Info: b3.png  used on input line 271.
(pdftex.def)             Requested size: 119.64487pt x 71.46573pt.
<b4.png, id=47, 299.1175pt x 178.6675pt>
File: b4.png Graphic file (type png)
<use b4.png>
Package pdftex.def Info: b4.png  used on input line 272.
(pdftex.def)             Requested size: 119.64487pt x 71.46573pt.
<b5.png, id=48, 299.1175pt x 178.6675pt>
File: b5.png Graphic file (type png)
<use b5.png>
Package pdftex.def Info: b5.png  used on input line 273.
(pdftex.def)             Requested size: 119.64487pt x 71.46573pt.
<b6.png, id=49, 299.1175pt x 178.6675pt>
File: b6.png Graphic file (type png)
<use b6.png>
Package pdftex.def Info: b6.png  used on input line 274.
(pdftex.def)             Requested size: 119.64487pt x 71.46573pt.
<b9.png, id=50, 299.1175pt x 178.6675pt>
File: b9.png Graphic file (type png)
<use b9.png>
Package pdftex.def Info: b9.png  used on input line 275.
(pdftex.def)             Requested size: 119.64487pt x 71.46573pt.
<a0.png, id=51, 604.2575pt x 363.3575pt>
File: a0.png Graphic file (type png)
<use a0.png>
Package pdftex.def Info: a0.png  used on input line 284.
(pdftex.def)             Requested size: 120.84935pt x 72.6702pt.
<a1.png, id=52, 604.2575pt x 363.3575pt>
File: a1.png Graphic file (type png)
<use a1.png>
Package pdftex.def Info: a1.png  used on input line 286.
(pdftex.def)             Requested size: 120.84935pt x 72.6702pt.
<a2.png, id=53, 604.2575pt x 363.3575pt>
File: a2.png Graphic file (type png)
<use a2.png>
Package pdftex.def Info: a2.png  used on input line 287.
(pdftex.def)             Requested size: 120.84935pt x 72.6702pt.
<a3.png, id=54, 432.61626pt x 288.07625pt>
File: a3.png Graphic file (type png)
<use a3.png>
Package pdftex.def Info: a3.png  used on input line 289.
(pdftex.def)             Requested size: 108.1538pt x 72.01888pt.
 [4 </home/p/hexapod_ws/tex/traj.png> </home/p/hexapod_ws/tex/rosgraph.png>]
Underfull \hbox (badness 1354) in paragraph at lines 320--321
[]\OT1/ptm/m/n/8 H[]orger, Mar-cus, Kot-tege, N., Bandy-opad-hyay, T., Elfes, A., and
 []


Underfull \hbox (badness 1546) in paragraph at lines 320--321
\OT1/ptm/m/n/8 Moghadam, P. Real-Time Sta-bil-i-sa-tion for Hexa-pod Robots, Au-
 []


** Conference Paper **
Before submitting the final camera ready copy, remember to:

 1. Manually equalize the lengths of two columns on the last page
 of your paper;

 2. Ensure that any PostScript and/or PDF output post-processing
 uses only Type 1 fonts and that every step in the generation
 process uses the appropriate paper size.

\tf@thm=\write3
\openout3 = `report.thm'.

[5 </home/p/hexapod_ws/tex/b1.png> </home/p/hexapod_ws/tex/b11.png> </home/p/hexapod_ws/tex/b2.png> </home/p/hexapod_ws/tex/b3.png> </home/p/hexapod_ws/tex/b4.png> </home/p/hexapod_ws/tex/b5.png> </home/p/hexapod_ws/tex/b6.png> </home/p/hexapod_ws/tex/b9.png> </home/p/hexapod_ws/tex/a0.png> </home/p/hexapod_ws/tex/a1.png> </home/p/hexapod_ws/tex/a2.png> </home/p/hexapod_ws/tex/a3.png>] (/home/p/hexapod_ws/tex/report.aux) ) 
Here is how much of TeX's memory you used:
 4534 strings out of 478994
 65457 string characters out of 5858190
 376771 words of memory out of 5000000
 21950 multiletter control sequences out of 15000+600000
 437596 words of font info for 95 fonts, out of 8000000 for 9000
 1141 hyphenation exceptions out of 8191
 68i,14n,74p,850b,316s stack positions out of 5000i,500n,10000p,200000b,80000s
{/usr/local/texlive/2021/texmf-dist/fonts/enc/dvips/base/8r.enc}</usr/local/texlive/2021/texmf-dist/fonts/type1/public/amsfonts/cm/cmex10.pfb></usr/local/texlive/2021/texmf-dist/fonts/type1/public/amsfonts/cm/cmmi10.pfb></usr/local/texlive/2021/texmf-dist/fonts/type1/public/amsfonts/cm/cmmi6.pfb></usr/local/texlive/2021/texmf-dist/fonts/type1/public/amsfonts/cm/cmmi7.pfb></usr/local/texlive/2021/texmf-dist/fonts/type1/public/amsfonts/cm/cmmi8.pfb></usr/local/texlive/2021/texmf-dist/fonts/type1/public/amsfonts/cm/cmr10.pfb></usr/local/texlive/2021/texmf-dist/fonts/type1/public/amsfonts/cm/cmr7.pfb></usr/local/texlive/2021/texmf-dist/fonts/type1/public/amsfonts/cm/cmr8.pfb></usr/local/texlive/2021/texmf-dist/fonts/type1/public/amsfonts/cm/cmsy10.pfb></usr/local/texlive/2021/texmf-dist/fonts/type1/public/amsfonts/cm/cmsy7.pfb></usr/local/texlive/2021/texmf-dist/fonts/type1/public/amsfonts/cm/cmsy8.pfb></usr/local/texlive/2021/texmf-dist/fonts/type1/urw/times/utmb8a.pfb></usr/local/texlive/2021/texmf-dist/fonts/type1/urw/times/utmbi8a.pfb></usr/local/texlive/2021/texmf-dist/fonts/type1/urw/times/utmr8a.pfb></usr/local/texlive/2021/texmf-dist/fonts/type1/urw/times/utmri8a.pfb>
Output written on /home/p/hexapod_ws/tex/report.pdf (5 pages, 1112489 bytes).
PDF statistics:
 127 PDF objects out of 1000 (max. 8388607)
 59 compressed objects within 1 object stream
 0 named destinations out of 1000 (max. 500000)
 126 words of extra memory for PDF output out of 10000 (max. 10000000)

